<?xml version="1.0" encoding="UTF-8"?>
<!-- Generated by org.testng.reporters.JUnitReportReporter -->
<testsuite hostname="SandhyaShiva" failures="0" tests="1" name="TestNG.Sampletest" time="0.012" errors="0" timestamp="2023-10-18T18:45:25 IST" skipped="0">
  <testcase classname="TestNG.Sampletest" name="demo" time="0.012"/>
</testsuite> <!-- TestNG.Sampletest -->
