<?xml version="1.0" encoding="UTF-8"?>
<!-- Generated by org.testng.reporters.JUnitReportReporter -->
<testsuite hostname="SandhyaShiva" failures="0" tests="2" name="batchexecution.TestClass1" time="0.013" errors="0" timestamp="2023-11-02T06:27:29 IST" skipped="0">
  <testcase classname="batchexecution.TestClass1" name="demo2" time="0.002"/>
  <testcase classname="batchexecution.TestClass1" name="demo1" time="0.011"/>
</testsuite> <!-- batchexecution.TestClass1 -->
