<?xml version="1.0" encoding="UTF-8"?>
<!-- Generated by org.testng.reporters.JUnitReportReporter -->
<testsuite hostname="SandhyaShiva" failures="0" tests="1" name="groupexecution.Testclasses4" time="0.008" errors="0" timestamp="2023-10-18T21:20:04 IST" skipped="0">
  <testcase classname="groupexecution.Testclasses4" name="demo2" time="0.008"/>
</testsuite> <!-- groupexecution.Testclasses4 -->
