<?xml version="1.0" encoding="UTF-8"?>
<!-- Generated by org.testng.reporters.JUnitReportReporter -->
<testsuite hostname="SandhyaShiva" failures="0" tests="1" name="testing.SampleTest" time="0.013" errors="0" timestamp="2023-10-13T21:40:30 IST" skipped="0">
  <testcase classname="testing.SampleTest" name="demo" time="0.013"/>
</testsuite> <!-- testing.SampleTest -->
