<?xml version="1.0" encoding="UTF-8"?>
<!-- Generated by org.testng.reporters.JUnitReportReporter -->
<testsuite hostname="SandhyaShiva" failures="0" tests="1" name="listener.TestClass4" time="0.008" errors="0" timestamp="2023-10-18T19:37:11 IST" skipped="0">
  <testcase classname="listener.TestClass4" name="test0" time="0.008"/>
</testsuite> <!-- listener.TestClass4 -->
