<?xml version="1.0" encoding="UTF-8"?>
<!-- Generated by org.testng.reporters.JUnitReportReporter -->
<testsuite hostname="SandhyaShiva" failures="0" tests="3" name="groupexecution.Testclasses3" time="0.005" errors="0" timestamp="2023-10-18T21:20:04 IST" skipped="0">
  <testcase classname="groupexecution.Testclasses3" name="demo1" time="0.002"/>
  <testcase classname="groupexecution.Testclasses3" name="demo2" time="0.002"/>
  <testcase classname="groupexecution.Testclasses3" name="demo3" time="0.001"/>
</testsuite> <!-- groupexecution.Testclasses3 -->
