<?xml version="1.0" encoding="UTF-8"?>
<!-- Generated by org.testng.reporters.JUnitReportReporter -->
<testsuite hostname="SandhyaShiva" failures="0" tests="3" name="groupexecution.Testclasses2" time="0.009" errors="0" timestamp="2023-10-18T21:20:04 IST" skipped="0">
  <testcase classname="groupexecution.Testclasses2" name="demo3" time="0.003"/>
  <testcase classname="groupexecution.Testclasses2" name="demo2" time="0.003"/>
  <testcase classname="groupexecution.Testclasses2" name="demo1" time="0.003"/>
</testsuite> <!-- groupexecution.Testclasses2 -->
