<?xml version="1.0" encoding="UTF-8"?>
<!-- Generated by org.testng.reporters.JUnitReportReporter -->
<testsuite hostname="SandhyaShiva" failures="0" tests="1" name="TestNG.Testclass" time="0.009" errors="0" timestamp="2023-10-18T18:45:36 IST" skipped="0">
  <testcase classname="TestNG.Testclass" name="test1" time="0.009"/>
</testsuite> <!-- TestNG.Testclass -->
