<?xml version="1.0" encoding="UTF-8"?>
<!-- Generated by org.testng.reporters.JUnitReportReporter -->
<testsuite hostname="SandhyaShiva" failures="0" tests="2" name="parallel.TestClasses2" time="0.013" errors="0" timestamp="2023-10-18T19:10:10 IST" skipped="0">
  <testcase classname="parallel.TestClasses2" name="demo2" time="0.010"/>
  <testcase classname="parallel.TestClasses2" name="demo1" time="0.003"/>
</testsuite> <!-- parallel.TestClasses2 -->
