<?xml version="1.0" encoding="UTF-8"?>
<!-- Generated by org.testng.reporters.JUnitReportReporter -->
<testsuite hostname="SandhyaShiva" failures="0" tests="3" name="TestNG.PrioritizingTest" time="0.016" errors="0" timestamp="2023-10-18T18:45:14 IST" skipped="0">
  <testcase classname="TestNG.PrioritizingTest" name="demo5" time="0.007"/>
  <testcase classname="TestNG.PrioritizingTest" name="demo6" time="0.002"/>
  <testcase classname="TestNG.PrioritizingTest" name="demo" time="0.007"/>
</testsuite> <!-- TestNG.PrioritizingTest -->
