<?xml version="1.0" encoding="UTF-8"?>
<!-- Generated by org.testng.reporters.JUnitReportReporter -->
<testsuite hostname="SandhyaShiva" failures="0" tests="1" name="listener.TestClass2" time="0.016" errors="0" timestamp="2023-10-18T19:37:03 IST" skipped="0">
  <testcase classname="listener.TestClass2" name="test0" time="0.016"/>
</testsuite> <!-- listener.TestClass2 -->
