<?xml version="1.0" encoding="UTF-8"?>
<!-- Generated by org.testng.reporters.JUnitReportReporter -->
<testsuite hostname="SandhyaShiva" failures="0" tests="2" name="TestNG.DisableTests" time="0.010" errors="0" timestamp="2023-10-18T18:44:51 IST" skipped="1">
  <testcase classname="TestNG.DisableTests" name="demo1" time="0.010"/>
  <testcase classname="TestNG.DisableTests" name="demo2">
    <skipped/>
  </testcase> <!-- demo2 -->
</testsuite> <!-- TestNG.DisableTests -->
