<?xml version="1.0" encoding="UTF-8"?>
<!-- Generated by org.testng.reporters.JUnitReportReporter -->
<testsuite hostname="SandhyaShiva" failures="0" tests="3" name="TestNG.DtaProvidersPackage" time="0.016" errors="0" timestamp="2023-10-19T14:01:37 IST" skipped="0">
  <testcase classname="TestNG.DtaProvidersPackage" name="bookTicketTest" time="0.006"/>
  <testcase classname="TestNG.DtaProvidersPackage" name="bookTicketTest" time="0.002"/>
  <testcase classname="TestNG.DtaProvidersPackage" name="bookTicketTest" time="0.008"/>
</testsuite> <!-- TestNG.DtaProvidersPackage -->
