<?xml version="1.0" encoding="UTF-8"?>
<!-- Generated by org.testng.reporters.JUnitReportReporter -->
<testsuite hostname="SandhyaShiva" failures="0" tests="1" name="Listeners.TestClass1" time="0.005" errors="0" timestamp="2023-10-19T14:03:44 IST" skipped="0">
  <testcase classname="Listeners.TestClass1" name="test0" time="0.005"/>
</testsuite> <!-- Listeners.TestClass1 -->
